2025-08-04 15:51:28,783 - INFO - Iniciando processo de extração de relatórios.
2025-08-04 15:51:28,785 - INFO - Criando pasta para o mês: julho'25
2025-08-04 15:51:28,785 - INFO - Caminho completo: /home/edgar.prado/Marketing/Relatorio_Mensal_Automacao/arquivos_fechamento/julho'25
2025-08-04 15:51:28,785 - INFO - ✅ Pasta criada/verificada com sucesso: /home/edgar.prado/Marketing/Relatorio_Mensal_Automacao/arquivos_fechamento/julho'25
2025-08-04 15:51:28,888 - INFO - Iniciando extração para 18 relatórios.
2025-08-04 15:51:28,888 - INFO - Executando query: 'Cupons Ativos'...
2025-08-04 15:51:29,135 - INFO - Dados da query 'Cupons Ativos' salvos na aba 'CuponsAtivos'.
2025-08-04 15:51:29,135 - INFO - Executando query: 'Compradores Únicos'...
2025-08-04 15:51:31,652 - INFO - Dados da query 'Compradores Únicos' salvos na aba 'CompradoresÚnicos'.
2025-08-04 15:51:31,652 - INFO - Executando query: 'Top 10 Lojas + Compradores Únicos'...
2025-08-04 15:51:34,324 - INFO - Dados da query 'Top 10 Lojas + Compradores Únicos' salvos na aba 'Top10Lojas+CompradoresÚnicos'.
2025-08-04 15:51:34,324 - INFO - Executando query: 'Top 10 Lojas + Vendas'...
2025-08-04 15:51:36,791 - INFO - Dados da query 'Top 10 Lojas + Vendas' salvos na aba 'Top10Lojas+Vendas'.
2025-08-04 15:51:36,791 - INFO - Executando query: 'Top 10 Lojas + Notas Fiscais'...
2025-08-04 15:51:39,277 - INFO - Dados da query 'Top 10 Lojas + Notas Fiscais' salvos na aba 'Top10Lojas+NotasFiscais'.
2025-08-04 15:51:39,277 - INFO - Executando query: 'Clientes por Categoria'...
2025-08-04 15:51:42,784 - INFO - Dados da query 'Clientes por Categoria' salvos na aba 'ClientesporCategoria'.
2025-08-04 15:51:42,784 - INFO - Executando query: 'Visitas por Categoria de Clientes - Comparação YoY'...
2025-08-04 15:51:46,094 - INFO - Dados da query 'Visitas por Categoria de Clientes - Comparação YoY' salvos na aba 'VisitasporCategoriadeClientes-'.
2025-08-04 15:51:46,094 - INFO - Executando query: 'Visitas por Geral - Comparação YoY'...
2025-08-04 15:51:48,680 - INFO - Dados da query 'Visitas por Geral - Comparação YoY' salvos na aba 'VisitasporGeral-ComparaçãoYoY'.
2025-08-04 15:51:48,680 - INFO - Executando query: 'TKT Médio por Visitas - Por Categoria de Cliente'...
2025-08-04 15:51:52,047 - INFO - Dados da query 'TKT Médio por Visitas - Por Categoria de Cliente' salvos na aba 'TKTMédioporVisitas-PorCategori'.
2025-08-04 15:51:52,047 - INFO - Executando query: 'TKT Médio por Nota Fiscal - Por Categoria de Cliente'...
2025-08-04 15:51:55,367 - INFO - Dados da query 'TKT Médio por Nota Fiscal - Por Categoria de Cliente' salvos na aba 'TKTMédioporNotaFiscal-PorCateg'.
2025-08-04 15:51:55,367 - INFO - Executando query: 'TKT Médio Clientes - Por Categoria de Cliente'...
2025-08-04 15:51:58,593 - INFO - Dados da query 'TKT Médio Clientes - Por Categoria de Cliente' salvos na aba 'TKTMédioClientes-PorCategoriad'.
2025-08-04 15:51:58,593 - INFO - Executando query: 'TKT Médio - Geral'...
2025-08-04 15:52:01,137 - INFO - Dados da query 'TKT Médio - Geral' salvos na aba 'TKTMédio-Geral'.
2025-08-04 15:52:01,137 - INFO - Executando query: 'Cupons Emitidos e Consumidos - Comparação YoY'...
2025-08-04 15:52:01,286 - INFO - Dados da query 'Cupons Emitidos e Consumidos - Comparação YoY' salvos na aba 'CuponsEmitidoseConsumidos-Comp'.
2025-08-04 15:52:01,286 - INFO - Executando query: 'Cupons Emitidos e Consumidos por Categoria'...
2025-08-04 15:52:01,649 - INFO - Dados da query 'Cupons Emitidos e Consumidos por Categoria' salvos na aba 'CuponsEmitidoseConsumidosporCa'.
2025-08-04 15:52:01,649 - INFO - Executando query: 'Cupons por Categoria'...
2025-08-04 15:52:01,713 - INFO - Dados da query 'Cupons por Categoria' salvos na aba 'CuponsporCategoria'.
2025-08-04 15:52:01,713 - INFO - Executando query: 'Notas Fiscais Cadastradas - Comparação YoY'...
2025-08-04 15:52:02,585 - INFO - Dados da query 'Notas Fiscais Cadastradas - Comparação YoY' salvos na aba 'NotasFiscaisCadastradas-Compar'.
2025-08-04 15:52:02,585 - INFO - Executando query: 'Vendas Cadastradas - Comparação YoY'...
2025-08-04 15:52:05,121 - INFO - Dados da query 'Vendas Cadastradas - Comparação YoY' salvos na aba 'VendasCadastradas-ComparaçãoYo'.
2025-08-04 15:52:05,122 - INFO - Executando query: 'Representatividade - Comparação YoY'...
2025-08-04 15:52:08,820 - INFO - Dados da query 'Representatividade - Comparação YoY' salvos na aba 'Representatividade-ComparaçãoY'.
2025-08-04 15:52:08,883 - INFO - Arquivo Excel 'Relatorio_Mensal_2025-07.xlsx' criado com sucesso em '/home/edgar.prado/Marketing/Relatorio_Mensal_Automacao/arquivos_fechamento/julho'25'.
2025-08-04 15:52:08,883 - INFO - ============================================================
2025-08-04 15:52:08,883 - INFO - RELATÓRIO DE EXECUÇÃO FINAL
2025-08-04 15:52:08,883 - INFO - ============================================================
2025-08-04 15:52:08,883 - INFO - 📁 Arquivo gerado: Relatorio_Mensal_2025-07.xlsx
2025-08-04 15:52:08,883 - INFO - 📂 Localização: /home/edgar.prado/Marketing/Relatorio_Mensal_Automacao/arquivos_fechamento/julho'25
2025-08-04 15:52:08,883 - INFO - 📊 Queries executadas: 18/18
2025-08-04 15:52:08,883 - INFO - ✅ Todas as queries críticas executadas com sucesso!
2025-08-04 15:52:08,883 - INFO - 📋 Status detalhado:
2025-08-04 15:52:08,883 - INFO -   ✅ Cupons Ativos
2025-08-04 15:52:08,883 - INFO -   ✅ Compradores Únicos
2025-08-04 15:52:08,883 - INFO -   ✅ Top 10 Lojas + Compradores Únicos
2025-08-04 15:52:08,883 - INFO -   ✅ Top 10 Lojas + Vendas
2025-08-04 15:52:08,883 - INFO -   ✅ Top 10 Lojas + Notas Fiscais
2025-08-04 15:52:08,883 - INFO -   ✅ Clientes por Categoria
2025-08-04 15:52:08,883 - INFO -   ✅ Visitas por Categoria de Clientes - Comparação YoY
2025-08-04 15:52:08,883 - INFO -   ✅ Visitas por Geral - Comparação YoY
2025-08-04 15:52:08,883 - INFO -   ✅ TKT Médio por Visitas - Por Categoria de Cliente
2025-08-04 15:52:08,883 - INFO -   ✅ TKT Médio por Nota Fiscal - Por Categoria de Cliente
2025-08-04 15:52:08,883 - INFO -   ✅ TKT Médio Clientes - Por Categoria de Cliente
2025-08-04 15:52:08,883 - INFO -   ✅ TKT Médio - Geral
2025-08-04 15:52:08,883 - INFO -   ✅ Cupons Emitidos e Consumidos - Comparação YoY
2025-08-04 15:52:08,883 - INFO -   ✅ Cupons Emitidos e Consumidos por Categoria
2025-08-04 15:52:08,883 - INFO -   ✅ Cupons por Categoria
2025-08-04 15:52:08,883 - INFO -   ✅ Notas Fiscais Cadastradas - Comparação YoY
2025-08-04 15:52:08,883 - INFO -   ✅ Vendas Cadastradas - Comparação YoY
2025-08-04 15:52:08,883 - INFO -   ✅ Representatividade - Comparação YoY
2025-08-04 15:52:08,883 - INFO - ============================================================
2025-08-04 15:52:08,883 - INFO - Processo de extração de relatórios finalizado.
2025-08-04 16:07:40,617 - INFO - Iniciando processo de extração de relatórios.
2025-08-04 16:07:40,619 - INFO - Criando pasta para o mês: julho'25
2025-08-04 16:07:40,619 - INFO - Caminho completo: /mnt/c/Users/edgar.prado/Documents/relatorio_fechamento_mensal/julho'25
2025-08-04 16:07:40,621 - INFO - ✅ Pasta criada/verificada com sucesso: /mnt/c/Users/edgar.prado/Documents/relatorio_fechamento_mensal/julho'25
2025-08-04 16:07:40,808 - INFO - Iniciando extração para 18 relatórios.
2025-08-04 16:07:40,808 - INFO - Executando query: 'Cupons Ativos'...
2025-08-04 16:07:41,100 - INFO - Dados da query 'Cupons Ativos' salvos na aba 'CuponsAtivos'.
2025-08-04 16:07:41,100 - INFO - Executando query: 'Compradores Únicos'...
2025-08-04 16:07:43,658 - INFO - Dados da query 'Compradores Únicos' salvos na aba 'CompradoresÚnicos'.
2025-08-04 16:07:43,658 - INFO - Executando query: 'Top 10 Lojas + Compradores Únicos'...
2025-08-04 16:07:46,351 - INFO - Dados da query 'Top 10 Lojas + Compradores Únicos' salvos na aba 'Top10Lojas+CompradoresÚnicos'.
2025-08-04 16:07:46,351 - INFO - Executando query: 'Top 10 Lojas + Vendas'...
2025-08-04 16:07:48,908 - INFO - Dados da query 'Top 10 Lojas + Vendas' salvos na aba 'Top10Lojas+Vendas'.
2025-08-04 16:07:48,908 - INFO - Executando query: 'Top 10 Lojas + Notas Fiscais'...
2025-08-04 16:07:51,431 - INFO - Dados da query 'Top 10 Lojas + Notas Fiscais' salvos na aba 'Top10Lojas+NotasFiscais'.
2025-08-04 16:07:51,431 - INFO - Executando query: 'Clientes por Categoria'...
2025-08-04 16:07:55,183 - INFO - Dados da query 'Clientes por Categoria' salvos na aba 'ClientesporCategoria'.
2025-08-04 16:07:55,183 - INFO - Executando query: 'Visitas por Categoria de Clientes - Comparação YoY'...
2025-08-04 16:07:58,536 - INFO - Dados da query 'Visitas por Categoria de Clientes - Comparação YoY' salvos na aba 'VisitasporCategoriadeClientes-'.
2025-08-04 16:07:58,536 - INFO - Executando query: 'Visitas por Geral - Comparação YoY'...
2025-08-04 16:08:01,202 - INFO - Dados da query 'Visitas por Geral - Comparação YoY' salvos na aba 'VisitasporGeral-ComparaçãoYoY'.
2025-08-04 16:08:01,202 - INFO - Executando query: 'TKT Médio por Visitas - Por Categoria de Cliente'...
2025-08-04 16:08:04,469 - INFO - Dados da query 'TKT Médio por Visitas - Por Categoria de Cliente' salvos na aba 'TKTMédioporVisitas-PorCategori'.
2025-08-04 16:08:04,469 - INFO - Executando query: 'TKT Médio por Nota Fiscal - Por Categoria de Cliente'...
2025-08-04 16:08:07,729 - INFO - Dados da query 'TKT Médio por Nota Fiscal - Por Categoria de Cliente' salvos na aba 'TKTMédioporNotaFiscal-PorCateg'.
2025-08-04 16:08:07,729 - INFO - Executando query: 'TKT Médio Clientes - Por Categoria de Cliente'...
2025-08-04 16:08:11,090 - INFO - Dados da query 'TKT Médio Clientes - Por Categoria de Cliente' salvos na aba 'TKTMédioClientes-PorCategoriad'.
2025-08-04 16:08:11,090 - INFO - Executando query: 'TKT Médio - Geral'...
2025-08-04 16:08:13,568 - INFO - Dados da query 'TKT Médio - Geral' salvos na aba 'TKTMédio-Geral'.
2025-08-04 16:08:13,569 - INFO - Executando query: 'Cupons Emitidos e Consumidos - Comparação YoY'...
2025-08-04 16:08:13,714 - INFO - Dados da query 'Cupons Emitidos e Consumidos - Comparação YoY' salvos na aba 'CuponsEmitidoseConsumidos-Comp'.
2025-08-04 16:08:13,714 - INFO - Executando query: 'Cupons Emitidos e Consumidos por Categoria'...
2025-08-04 16:08:14,129 - INFO - Dados da query 'Cupons Emitidos e Consumidos por Categoria' salvos na aba 'CuponsEmitidoseConsumidosporCa'.
2025-08-04 16:08:14,129 - INFO - Executando query: 'Cupons por Categoria'...
2025-08-04 16:08:14,196 - INFO - Dados da query 'Cupons por Categoria' salvos na aba 'CuponsporCategoria'.
2025-08-04 16:08:14,196 - INFO - Executando query: 'Notas Fiscais Cadastradas - Comparação YoY'...
2025-08-04 16:08:15,234 - INFO - Dados da query 'Notas Fiscais Cadastradas - Comparação YoY' salvos na aba 'NotasFiscaisCadastradas-Compar'.
2025-08-04 16:08:15,234 - INFO - Executando query: 'Vendas Cadastradas - Comparação YoY'...
2025-08-04 16:08:17,758 - INFO - Dados da query 'Vendas Cadastradas - Comparação YoY' salvos na aba 'VendasCadastradas-ComparaçãoYo'.
2025-08-04 16:08:17,758 - INFO - Executando query: 'Representatividade - Comparação YoY'...
2025-08-04 16:08:21,434 - INFO - Dados da query 'Representatividade - Comparação YoY' salvos na aba 'Representatividade-ComparaçãoY'.
2025-08-04 16:08:21,532 - INFO - Arquivo Excel 'Relatorio_Mensal_2025-07.xlsx' criado com sucesso em '/mnt/c/Users/edgar.prado/Documents/relatorio_fechamento_mensal/julho'25'.
2025-08-04 16:08:21,532 - INFO - ============================================================
2025-08-04 16:08:21,532 - INFO - RELATÓRIO DE EXECUÇÃO FINAL
2025-08-04 16:08:21,532 - INFO - ============================================================
2025-08-04 16:08:21,532 - INFO - 📁 Arquivo gerado: Relatorio_Mensal_2025-07.xlsx
2025-08-04 16:08:21,532 - INFO - 📂 Localização: /mnt/c/Users/edgar.prado/Documents/relatorio_fechamento_mensal/julho'25
2025-08-04 16:08:21,532 - INFO - 📊 Queries executadas: 18/18
2025-08-04 16:08:21,532 - INFO - ✅ Todas as queries críticas executadas com sucesso!
2025-08-04 16:08:21,532 - INFO - 📋 Status detalhado:
2025-08-04 16:08:21,532 - INFO -   ✅ Cupons Ativos
2025-08-04 16:08:21,532 - INFO -   ✅ Compradores Únicos
2025-08-04 16:08:21,532 - INFO -   ✅ Top 10 Lojas + Compradores Únicos
2025-08-04 16:08:21,532 - INFO -   ✅ Top 10 Lojas + Vendas
2025-08-04 16:08:21,532 - INFO -   ✅ Top 10 Lojas + Notas Fiscais
2025-08-04 16:08:21,532 - INFO -   ✅ Clientes por Categoria
2025-08-04 16:08:21,532 - INFO -   ✅ Visitas por Categoria de Clientes - Comparação YoY
2025-08-04 16:08:21,532 - INFO -   ✅ Visitas por Geral - Comparação YoY
2025-08-04 16:08:21,532 - INFO -   ✅ TKT Médio por Visitas - Por Categoria de Cliente
2025-08-04 16:08:21,532 - INFO -   ✅ TKT Médio por Nota Fiscal - Por Categoria de Cliente
2025-08-04 16:08:21,532 - INFO -   ✅ TKT Médio Clientes - Por Categoria de Cliente
2025-08-04 16:08:21,532 - INFO -   ✅ TKT Médio - Geral
2025-08-04 16:08:21,532 - INFO -   ✅ Cupons Emitidos e Consumidos - Comparação YoY
2025-08-04 16:08:21,532 - INFO -   ✅ Cupons Emitidos e Consumidos por Categoria
2025-08-04 16:08:21,532 - INFO -   ✅ Cupons por Categoria
2025-08-04 16:08:21,532 - INFO -   ✅ Notas Fiscais Cadastradas - Comparação YoY
2025-08-04 16:08:21,532 - INFO -   ✅ Vendas Cadastradas - Comparação YoY
2025-08-04 16:08:21,533 - INFO -   ✅ Representatividade - Comparação YoY
2025-08-04 16:08:21,533 - INFO - ============================================================
2025-08-04 16:08:21,533 - INFO - Processo de extração de relatórios finalizado.
2025-08-04 16:16:58,884 - INFO - Iniciando processo de extração de relatórios.
2025-08-04 16:16:58,885 - INFO - Criando pasta para o mês: julho'25
2025-08-04 16:16:58,885 - INFO - Caminho completo: /mnt/c/Users/edgar.prado/Documents/relatorio_fechamento_mensal/julho'25
2025-08-04 16:16:58,894 - INFO - ✅ Pasta criada/verificada com sucesso: /mnt/c/Users/edgar.prado/Documents/relatorio_fechamento_mensal/julho'25
2025-08-04 16:16:58,924 - INFO - 🔧 Verificando/criando índices de performance...
2025-08-04 16:16:59,493 - INFO - ✅ Índices de performance verificados/criados: 0/18
2025-08-04 16:16:59,500 - INFO - 🚀 Iniciando execução PARALELA para 18 queries...
2025-08-04 16:16:59,501 - INFO - 📁 Cada query será salva como arquivo individual em: /mnt/c/Users/edgar.prado/Documents/relatorio_fechamento_mensal/julho'25
2025-08-04 16:16:59,502 - INFO - [QueryWorker_0] Executando query: 'Cupons Ativos'...
2025-08-04 16:16:59,503 - INFO - [QueryWorker_1] Executando query: 'Compradores Únicos'...
2025-08-04 16:16:59,505 - INFO - [QueryWorker_2] Executando query: 'Top 10 Lojas + Compradores Únicos'...
2025-08-04 16:16:59,506 - INFO - [QueryWorker_3] Executando query: 'Top 10 Lojas + Vendas'...
2025-08-04 16:16:59,647 - INFO - [QueryWorker_0] ✅ 'Cupons Ativos' salvo como 'Cupons_Ativos_2025-07.xlsx' (2 linhas)
2025-08-04 16:16:59,654 - INFO - [QueryWorker_0] Executando query: 'Top 10 Lojas + Notas Fiscais'...
2025-08-04 16:17:02,090 - INFO - [QueryWorker_3] ✅ 'Top 10 Lojas + Vendas' salvo como 'Top_10_Lojas_+_Vendas_2025-07.xlsx' (758 linhas)
2025-08-04 16:17:02,096 - INFO - [QueryWorker_3] Executando query: 'Clientes por Categoria'...
2025-08-04 16:17:02,297 - INFO - [QueryWorker_2] ✅ 'Top 10 Lojas + Compradores Únicos' salvo como 'Top_10_Lojas_+_Compradores_Únicos_2025-07.xlsx' (758 linhas)
2025-08-04 16:17:02,303 - INFO - [QueryWorker_2] Executando query: 'Visitas por Categoria de Clientes - Comparação YoY'...
2025-08-04 16:17:02,308 - INFO - [QueryWorker_0] ✅ 'Top 10 Lojas + Notas Fiscais' salvo como 'Top_10_Lojas_+_Notas_Fiscais_2025-07.xlsx' (758 linhas)
2025-08-04 16:17:02,315 - INFO - [QueryWorker_0] Executando query: 'Visitas por Geral - Comparação YoY'...
2025-08-04 16:17:03,265 - INFO - [QueryWorker_1] ✅ 'Compradores Únicos' salvo como 'Compradores_Únicos_2025-07.xlsx' (2 linhas)
2025-08-04 16:17:03,271 - INFO - [QueryWorker_1] Executando query: 'TKT Médio por Visitas - Por Categoria de Cliente'...
2025-08-04 16:17:04,864 - INFO - [QueryWorker_0] ✅ 'Visitas por Geral - Comparação YoY' salvo como 'Visitas_por_Geral_-_Comparação_YoY_2025-07.xlsx' (2 linhas)
2025-08-04 16:17:04,868 - INFO - [QueryWorker_0] Executando query: 'TKT Médio por Nota Fiscal - Por Categoria de Cliente'...
2025-08-04 16:17:05,548 - INFO - [QueryWorker_3] ✅ 'Clientes por Categoria' salvo como 'Clientes_por_Categoria_2025-07.xlsx' (5 linhas)
2025-08-04 16:17:05,553 - INFO - [QueryWorker_3] Executando query: 'TKT Médio Clientes - Por Categoria de Cliente'...
2025-08-04 16:17:05,586 - INFO - [QueryWorker_2] ✅ 'Visitas por Categoria de Clientes - Comparação YoY' salvo como 'Visitas_por_Categoria_de_Clientes_-_Comparação_YoY_2025-07.xlsx' (10 linhas)
2025-08-04 16:17:05,593 - INFO - [QueryWorker_2] Executando query: 'TKT Médio - Geral'...
2025-08-04 16:17:06,596 - INFO - [QueryWorker_1] ✅ 'TKT Médio por Visitas - Por Categoria de Cliente' salvo como 'TKT_Médio_por_Visitas_-_Por_Categoria_de_Cliente_2025-07.xlsx' (10 linhas)
2025-08-04 16:17:06,601 - INFO - [QueryWorker_1] Executando query: 'Cupons Emitidos e Consumidos - Comparação YoY'...
2025-08-04 16:17:06,842 - INFO - [QueryWorker_1] ✅ 'Cupons Emitidos e Consumidos - Comparação YoY' salvo como 'Cupons_Emitidos_e_Consumidos_-_Comparação_YoY_2025-07.xlsx' (65 linhas)
2025-08-04 16:17:06,848 - INFO - [QueryWorker_1] Executando query: 'Cupons Emitidos e Consumidos por Categoria'...
2025-08-04 16:17:07,246 - INFO - [QueryWorker_1] ✅ 'Cupons Emitidos e Consumidos por Categoria' salvo como 'Cupons_Emitidos_e_Consumidos_por_Categoria_2025-07.xlsx' (6 linhas)
2025-08-04 16:17:07,255 - INFO - [QueryWorker_1] Executando query: 'Cupons por Categoria'...
2025-08-04 16:17:07,349 - INFO - [QueryWorker_1] ✅ 'Cupons por Categoria' salvo como 'Cupons_por_Categoria_2025-07.xlsx' (7 linhas)
2025-08-04 16:17:07,354 - INFO - [QueryWorker_1] Executando query: 'Notas Fiscais Cadastradas - Comparação YoY'...
2025-08-04 16:17:08,139 - INFO - [QueryWorker_0] ✅ 'TKT Médio por Nota Fiscal - Por Categoria de Cliente' salvo como 'TKT_Médio_por_Nota_Fiscal_-_Por_Categoria_de_Cliente_2025-07.xlsx' (10 linhas)
2025-08-04 16:17:08,143 - INFO - [QueryWorker_0] Executando query: 'Vendas Cadastradas - Comparação YoY'...
2025-08-04 16:17:08,263 - INFO - [QueryWorker_1] ✅ 'Notas Fiscais Cadastradas - Comparação YoY' salvo como 'Notas_Fiscais_Cadastradas_-_Comparação_YoY_2025-07.xlsx' (2 linhas)
2025-08-04 16:17:08,267 - INFO - [QueryWorker_1] Executando query: 'Representatividade - Comparação YoY'...
2025-08-04 16:17:08,880 - INFO - [QueryWorker_3] ✅ 'TKT Médio Clientes - Por Categoria de Cliente' salvo como 'TKT_Médio_Clientes_-_Por_Categoria_de_Cliente_2025-07.xlsx' (10 linhas)
2025-08-04 16:17:09,279 - INFO - [QueryWorker_2] ✅ 'TKT Médio - Geral' salvo como 'TKT_Médio_-_Geral_2025-07.xlsx' (2 linhas)
2025-08-04 16:17:10,660 - INFO - [QueryWorker_0] ✅ 'Vendas Cadastradas - Comparação YoY' salvo como 'Vendas_Cadastradas_-_Comparação_YoY_2025-07.xlsx' (2 linhas)
2025-08-04 16:17:11,917 - INFO - [QueryWorker_1] ✅ 'Representatividade - Comparação YoY' salvo como 'Representatividade_-_Comparação_YoY_2025-07.xlsx' (2 linhas)
2025-08-04 16:17:11,922 - INFO - 🎉 Processamento paralelo concluído!
2025-08-04 16:17:11,922 - INFO - 📊 18 arquivos criados com sucesso em '/mnt/c/Users/edgar.prado/Documents/relatorio_fechamento_mensal/julho'25'
2025-08-04 16:17:11,922 - INFO - 📈 Total de 2,411 linhas de dados processadas
2025-08-04 16:17:11,922 - INFO - ============================================================
2025-08-04 16:17:11,922 - INFO - RELATÓRIO DE EXECUÇÃO FINAL
2025-08-04 16:17:11,922 - INFO - ============================================================
2025-08-04 16:17:11,922 - INFO - 📁 Arquivo gerado: Relatorio_Mensal_2025-07.xlsx
2025-08-04 16:17:11,922 - INFO - 📂 Localização: /mnt/c/Users/edgar.prado/Documents/relatorio_fechamento_mensal/julho'25
2025-08-04 16:17:11,922 - INFO - 📊 Queries executadas: 0/18
2025-08-04 16:17:11,922 - WARNING - ⚠️  Queries com falha: 18
2025-08-04 16:17:11,922 - INFO - ✅ Todas as queries críticas executadas com sucesso!
2025-08-04 16:17:11,922 - INFO - 📋 Status detalhado:
2025-08-04 16:17:11,922 - INFO -   ✅ Cupons Ativos
2025-08-04 16:17:11,922 - INFO -   ✅ Compradores Únicos
2025-08-04 16:17:11,922 - INFO -   ✅ Top 10 Lojas + Compradores Únicos
2025-08-04 16:17:11,922 - INFO -   ✅ Top 10 Lojas + Vendas
2025-08-04 16:17:11,922 - INFO -   ✅ Top 10 Lojas + Notas Fiscais
2025-08-04 16:17:11,923 - INFO -   ✅ Clientes por Categoria
2025-08-04 16:17:11,923 - INFO -   ✅ Visitas por Categoria de Clientes - Comparação YoY
2025-08-04 16:17:11,923 - INFO -   ✅ Visitas por Geral - Comparação YoY
2025-08-04 16:17:11,923 - INFO -   ✅ TKT Médio por Visitas - Por Categoria de Cliente
2025-08-04 16:17:11,923 - INFO -   ✅ TKT Médio por Nota Fiscal - Por Categoria de Cliente
2025-08-04 16:17:11,923 - INFO -   ✅ TKT Médio Clientes - Por Categoria de Cliente
2025-08-04 16:17:11,923 - INFO -   ✅ TKT Médio - Geral
2025-08-04 16:17:11,923 - INFO -   ✅ Cupons Emitidos e Consumidos - Comparação YoY
2025-08-04 16:17:11,923 - INFO -   ✅ Cupons Emitidos e Consumidos por Categoria
2025-08-04 16:17:11,923 - INFO -   ✅ Cupons por Categoria
2025-08-04 16:17:11,923 - INFO -   ✅ Notas Fiscais Cadastradas - Comparação YoY
2025-08-04 16:17:11,923 - INFO -   ✅ Vendas Cadastradas - Comparação YoY
2025-08-04 16:17:11,923 - INFO -   ✅ Representatividade - Comparação YoY
2025-08-04 16:17:11,923 - INFO - ============================================================
2025-08-04 16:17:11,923 - INFO - Processo de extração de relatórios finalizado.
